# JRE version: OpenJDK Runtime Environment (21.0.5) (build 21.0.5+-13047016-b750.29)
# Java VM: OpenJDK 64-Bit Server VM (21.0.5+-13047016-b750.29, mixed mode, tiered, compressed oops, compressed class ptrs, g1 gc, windows-amd64)
GC Precious Log:
 CardTable entry size: 512
 Card Set container configuration: InlinePtr #cards 4 size 8 Array Of Cards #cards 32 size 80 Howl #buckets 8 coarsen threshold 7372 Howl Bitmap #cards 1024 size 144 coarsen threshold 921 Card regions per heap region 1 cards per card region 8192
 CPUs: 16 total, 16 available
 Memory: 32502M
 Large Page Support: Disabled
 NUMA Support: Disabled
 Compressed Oops: Enabled (Zero based)
 Heap Region Size: 4M
 Heap Min Capacity: 8M
 Heap Initial Capacity: 508M
 Heap Max Capacity: 8128M
 Pre-touch: Disabled
 Parallel Workers: 13
 Concurrent Workers: 3
 Concurrent Refinement Workers: 13
 Periodic GC: Disabled
Heap:
 garbage-first heap   total 53248K, used 47953K [0x0000000604000000, 0x0000000800000000)
  region size 4096K, 3 young (12288K), 1 survivors (4096K)
 Metaspace       used 43742K, committed 44096K, reserved 1114112K
  class space    used 4527K, committed 4672K, reserved 1048576K
GC Heap History (14 events):
Event: 0.274 GC heap before
{Heap before GC invocations=0 (full 0):
 garbage-first heap   total 520192K, used 20480K [0x0000000604000000, 0x0000000800000000)
  region size 4096K, 6 young (24576K), 0 survivors (0K)
 Metaspace       used 15553K, committed 15744K, reserved 1114112K
  class space    used 1439K, committed 1536K, reserved 1048576K
}
Event: 0.276 GC heap after
{Heap after GC invocations=1 (full 0):
 garbage-first heap   total 520192K, used 5696K [0x0000000604000000, 0x0000000800000000)
  region size 4096K, 1 young (4096K), 1 survivors (4096K)
 Metaspace       used 15553K, committed 15744K, reserved 1114112K
  class space    used 1439K, committed 1536K, reserved 1048576K
}
Event: 0.385 GC heap before
{Heap before GC invocations=1 (full 0):
 garbage-first heap   total 520192K, used 17984K [0x0000000604000000, 0x0000000800000000)
  region size 4096K, 6 young (24576K), 1 survivors (4096K)
 Metaspace       used 21243K, committed 21504K, reserved 1114112K
  class space    used 2038K, committed 2176K, reserved 1048576K
}
Event: 0.386 GC heap after
{Heap after GC invocations=2 (full 0):
 garbage-first heap   total 520192K, used 6844K [0x0000000604000000, 0x0000000800000000)
  region size 4096K, 1 young (4096K), 1 survivors (4096K)
 Metaspace       used 21243K, committed 21504K, reserved 1114112K
  class space    used 2038K, committed 2176K, reserved 1048576K
}
Event: 0.593 GC heap before
{Heap before GC invocations=3 (full 0):
 garbage-first heap   total 40960K, used 35516K [0x0000000604000000, 0x0000000800000000)
  region size 4096K, 8 young (32768K), 1 survivors (4096K)
 Metaspace       used 22751K, committed 23040K, reserved 1114112K
  class space    used 2177K, committed 2304K, reserved 1048576K
}
Event: 0.594 GC heap after
{Heap after GC invocations=4 (full 0):
 garbage-first heap   total 45056K, used 8344K [0x0000000604000000, 0x0000000800000000)
  region size 4096K, 1 young (4096K), 1 survivors (4096K)
 Metaspace       used 22751K, committed 23040K, reserved 1114112K
  class space    used 2177K, committed 2304K, reserved 1048576K
}
Event: 0.691 GC heap before
{Heap before GC invocations=4 (full 0):
 garbage-first heap   total 45056K, used 24728K [0x0000000604000000, 0x0000000800000000)
  region size 4096K, 5 young (20480K), 1 survivors (4096K)
 Metaspace       used 27696K, committed 28032K, reserved 1114112K
  class space    used 2736K, committed 2880K, reserved 1048576K
}
Event: 0.692 GC heap after
{Heap after GC invocations=5 (full 0):
 garbage-first heap   total 45056K, used 8788K [0x0000000604000000, 0x0000000800000000)
  region size 4096K, 1 young (4096K), 1 survivors (4096K)
 Metaspace       used 27696K, committed 28032K, reserved 1114112K
  class space    used 2736K, committed 2880K, reserved 1048576K
}
Event: 1.098 GC heap before
{Heap before GC invocations=5 (full 0):
 garbage-first heap   total 45056K, used 25172K [0x0000000604000000, 0x0000000800000000)
  region size 4096K, 6 young (24576K), 1 survivors (4096K)
 Metaspace       used 33226K, committed 33536K, reserved 1114112K
  class space    used 3320K, committed 3456K, reserved 1048576K
}
Event: 1.100 GC heap after
{Heap after GC invocations=6 (full 0):
 garbage-first heap   total 45056K, used 9736K [0x0000000604000000, 0x0000000800000000)
  region size 4096K, 1 young (4096K), 1 survivors (4096K)
 Metaspace       used 33226K, committed 33536K, reserved 1114112K
  class space    used 3320K, committed 3456K, reserved 1048576K
}
Event: 1.155 GC heap before
{Heap before GC invocations=6 (full 0):
 garbage-first heap   total 45056K, used 17928K [0x0000000604000000, 0x0000000800000000)
  region size 4096K, 4 young (16384K), 1 survivors (4096K)
 Metaspace       used 35745K, committed 35968K, reserved 1114112K
  class space    used 3604K, committed 3712K, reserved 1048576K
}
Event: 1.156 GC heap after
{Heap after GC invocations=7 (full 0):
 garbage-first heap   total 45056K, used 10043K [0x0000000604000000, 0x0000000800000000)
  region size 4096K, 1 young (4096K), 1 survivors (4096K)
 Metaspace       used 35745K, committed 35968K, reserved 1114112K
  class space    used 3604K, committed 3712K, reserved 1048576K
}
Event: 1.421 GC heap before
{Heap before GC invocations=8 (full 0):
 garbage-first heap   total 40960K, used 26427K [0x0000000604000000, 0x0000000800000000)
  region size 4096K, 6 young (24576K), 1 survivors (4096K)
 Metaspace       used 41281K, committed 41600K, reserved 1114112K
  class space    used 4224K, committed 4352K, reserved 1048576K
}
Event: 1.422 GC heap after
{Heap after GC invocations=9 (full 0):
 garbage-first heap   total 40960K, used 11089K [0x0000000604000000, 0x0000000800000000)
  region size 4096K, 1 young (4096K), 1 survivors (4096K)
 Metaspace       used 41281K, committed 41600K, reserved 1114112K
  class space    used 4224K, committed 4352K, reserved 1048576K
}

