# JRE version: OpenJDK Runtime Environment (21.0.5) (build 21.0.5+-13047016-b750.29)
# Java VM: OpenJDK 64-Bit Server VM (21.0.5+-13047016-b750.29, mixed mode, tiered, compressed oops, compressed class ptrs, g1 gc, windows-amd64)
GC Precious Log:
 CardTable entry size: 512
 Card Set container configuration: InlinePtr #cards 4 size 8 Array Of Cards #cards 32 size 80 Howl #buckets 8 coarsen threshold 7372 Howl Bitmap #cards 1024 size 144 coarsen threshold 921 Card regions per heap region 1 cards per card region 8192
 CPUs: 16 total, 16 available
 Memory: 32502M
 Large Page Support: Disabled
 NUMA Support: Disabled
 Compressed Oops: Enabled (Zero based)
 Heap Region Size: 4M
 Heap Min Capacity: 8M
 Heap Initial Capacity: 508M
 Heap Max Capacity: 8128M
 Pre-touch: Disabled
 Parallel Workers: 13
 Concurrent Workers: 3
 Concurrent Refinement Workers: 13
 Periodic GC: Disabled
Heap:
 garbage-first heap   total 282624K, used 35586K [0x0000000604000000, 0x0000000800000000)
  region size 4096K, 4 young (16384K), 1 survivors (4096K)
 Metaspace       used 43868K, committed 44160K, reserved 1114112K
  class space    used 4542K, committed 4672K, reserved 1048576K
GC Heap History (16 events):
Event: 0.272 GC heap before
{Heap before GC invocations=0 (full 0):
 garbage-first heap   total 520192K, used 20480K [0x0000000604000000, 0x0000000800000000)
  region size 4096K, 6 young (24576K), 0 survivors (0K)
 Metaspace       used 15584K, committed 15744K, reserved 1114112K
  class space    used 1441K, committed 1536K, reserved 1048576K
}
Event: 0.274 GC heap after
{Heap after GC invocations=1 (full 0):
 garbage-first heap   total 520192K, used 5633K [0x0000000604000000, 0x0000000800000000)
  region size 4096K, 1 young (4096K), 1 survivors (4096K)
 Metaspace       used 15584K, committed 15744K, reserved 1114112K
  class space    used 1441K, committed 1536K, reserved 1048576K
}
Event: 0.376 GC heap before
{Heap before GC invocations=1 (full 0):
 garbage-first heap   total 520192K, used 17921K [0x0000000604000000, 0x0000000800000000)
  region size 4096K, 6 young (24576K), 1 survivors (4096K)
 Metaspace       used 21243K, committed 21504K, reserved 1114112K
  class space    used 2036K, committed 2176K, reserved 1048576K
}
Event: 0.377 GC heap after
{Heap after GC invocations=2 (full 0):
 garbage-first heap   total 520192K, used 6689K [0x0000000604000000, 0x0000000800000000)
  region size 4096K, 1 young (4096K), 1 survivors (4096K)
 Metaspace       used 21243K, committed 21504K, reserved 1114112K
  class space    used 2036K, committed 2176K, reserved 1048576K
}
Event: 0.537 GC heap before
{Heap before GC invocations=3 (full 0):
 garbage-first heap   total 40960K, used 27169K [0x0000000604000000, 0x0000000800000000)
  region size 4096K, 6 young (24576K), 1 survivors (4096K)
 Metaspace       used 22353K, committed 22592K, reserved 1114112K
  class space    used 2119K, committed 2240K, reserved 1048576K
}
Event: 0.538 GC heap after
{Heap after GC invocations=4 (full 0):
 garbage-first heap   total 40960K, used 7644K [0x0000000604000000, 0x0000000800000000)
  region size 4096K, 1 young (4096K), 1 survivors (4096K)
 Metaspace       used 22353K, committed 22592K, reserved 1114112K
  class space    used 2119K, committed 2240K, reserved 1048576K
}
Event: 0.629 GC heap before
{Heap before GC invocations=4 (full 0):
 garbage-first heap   total 40960K, used 19932K [0x0000000604000000, 0x0000000800000000)
  region size 4096K, 5 young (20480K), 1 survivors (4096K)
 Metaspace       used 25542K, committed 25728K, reserved 1114112K
  class space    used 2491K, committed 2560K, reserved 1048576K
}
Event: 0.630 GC heap after
{Heap after GC invocations=5 (full 0):
 garbage-first heap   total 40960K, used 8538K [0x0000000604000000, 0x0000000800000000)
  region size 4096K, 1 young (4096K), 1 survivors (4096K)
 Metaspace       used 25542K, committed 25728K, reserved 1114112K
  class space    used 2491K, committed 2560K, reserved 1048576K
}
Event: 1.047 GC heap before
{Heap before GC invocations=5 (full 0):
 garbage-first heap   total 40960K, used 24922K [0x0000000604000000, 0x0000000800000000)
  region size 4096K, 5 young (20480K), 1 survivors (4096K)
 Metaspace       used 30806K, committed 31104K, reserved 1114112K
  class space    used 3051K, committed 3200K, reserved 1048576K
}
Event: 1.049 GC heap after
{Heap after GC invocations=6 (full 0):
 garbage-first heap   total 40960K, used 9142K [0x0000000604000000, 0x0000000800000000)
  region size 4096K, 1 young (4096K), 1 survivors (4096K)
 Metaspace       used 30806K, committed 31104K, reserved 1114112K
  class space    used 3051K, committed 3200K, reserved 1048576K
}
Event: 1.147 GC heap before
{Heap before GC invocations=6 (full 0):
 garbage-first heap   total 40960K, used 25526K [0x0000000604000000, 0x0000000800000000)
  region size 4096K, 5 young (20480K), 1 survivors (4096K)
 Metaspace       used 35206K, committed 35456K, reserved 1114112K
  class space    used 3550K, committed 3648K, reserved 1048576K
}
Event: 1.148 GC heap after
{Heap after GC invocations=7 (full 0):
 garbage-first heap   total 40960K, used 9884K [0x0000000604000000, 0x0000000800000000)
  region size 4096K, 1 young (4096K), 1 survivors (4096K)
 Metaspace       used 35206K, committed 35456K, reserved 1114112K
  class space    used 3550K, committed 3648K, reserved 1048576K
}
Event: 1.165 GC heap before
{Heap before GC invocations=7 (full 0):
 garbage-first heap   total 40960K, used 9884K [0x0000000604000000, 0x0000000800000000)
  region size 4096K, 2 young (8192K), 1 survivors (4096K)
 Metaspace       used 35737K, committed 35968K, reserved 1114112K
  class space    used 3603K, committed 3712K, reserved 1048576K
}
Event: 1.166 GC heap after
{Heap after GC invocations=8 (full 0):
 garbage-first heap   total 40960K, used 10054K [0x0000000604000000, 0x0000000800000000)
  region size 4096K, 1 young (4096K), 1 survivors (4096K)
 Metaspace       used 35737K, committed 35968K, reserved 1114112K
  class space    used 3603K, committed 3712K, reserved 1048576K
}
Event: 1.350 GC heap before
{Heap before GC invocations=9 (full 0):
 garbage-first heap   total 40960K, used 26438K [0x0000000604000000, 0x0000000800000000)
  region size 4096K, 5 young (20480K), 1 survivors (4096K)
 Metaspace       used 40769K, committed 41152K, reserved 1114112K
  class space    used 4165K, committed 4352K, reserved 1048576K
}
Event: 1.351 GC heap after
{Heap after GC invocations=10 (full 0):
 garbage-first heap   total 282624K, used 11010K [0x0000000604000000, 0x0000000800000000)
  region size 4096K, 1 young (4096K), 1 survivors (4096K)
 Metaspace       used 40769K, committed 41152K, reserved 1114112K
  class space    used 4165K, committed 4352K, reserved 1048576K
}

