# JRE version: OpenJDK Runtime Environment (21.0.5) (build 21.0.5+-13047016-b750.29)
# Java VM: OpenJDK 64-Bit Server VM (21.0.5+-13047016-b750.29, mixed mode, tiered, compressed oops, compressed class ptrs, g1 gc, windows-amd64)
GC Precious Log:
 CardTable entry size: 512
 Card Set container configuration: InlinePtr #cards 4 size 8 Array Of Cards #cards 32 size 80 Howl #buckets 8 coarsen threshold 7372 Howl Bitmap #cards 1024 size 144 coarsen threshold 921 Card regions per heap region 1 cards per card region 8192
 CPUs: 16 total, 16 available
 Memory: 32502M
 Large Page Support: Disabled
 NUMA Support: Disabled
 Compressed Oops: Enabled (Zero based)
 Heap Region Size: 4M
 Heap Min Capacity: 8M
 Heap Initial Capacity: 508M
 Heap Max Capacity: 8128M
 Pre-touch: Disabled
 Parallel Workers: 13
 Concurrent Workers: 3
 Concurrent Refinement Workers: 13
 Periodic GC: Disabled
Heap:
 garbage-first heap   total 53248K, used 47530K [0x0000000604000000, 0x0000000800000000)
  region size 4096K, 3 young (12288K), 1 survivors (4096K)
 Metaspace       used 43750K, committed 44096K, reserved 1114112K
  class space    used 4529K, committed 4672K, reserved 1048576K
GC Heap History (14 events):
Event: 0.278 GC heap before
{Heap before GC invocations=0 (full 0):
 garbage-first heap   total 520192K, used 20480K [0x0000000604000000, 0x0000000800000000)
  region size 4096K, 6 young (24576K), 0 survivors (0K)
 Metaspace       used 15706K, committed 15872K, reserved 1114112K
  class space    used 1450K, committed 1536K, reserved 1048576K
}
Event: 0.280 GC heap after
{Heap after GC invocations=1 (full 0):
 garbage-first heap   total 520192K, used 6783K [0x0000000604000000, 0x0000000800000000)
  region size 4096K, 1 young (4096K), 1 survivors (4096K)
 Metaspace       used 15706K, committed 15872K, reserved 1114112K
  class space    used 1450K, committed 1536K, reserved 1048576K
}
Event: 0.385 GC heap before
{Heap before GC invocations=1 (full 0):
 garbage-first heap   total 520192K, used 23167K [0x0000000604000000, 0x0000000800000000)
  region size 4096K, 6 young (24576K), 1 survivors (4096K)
 Metaspace       used 21240K, committed 21504K, reserved 1114112K
  class space    used 2036K, committed 2176K, reserved 1048576K
}
Event: 0.386 GC heap after
{Heap after GC invocations=2 (full 0):
 garbage-first heap   total 520192K, used 6442K [0x0000000604000000, 0x0000000800000000)
  region size 4096K, 1 young (4096K), 1 survivors (4096K)
 Metaspace       used 21240K, committed 21504K, reserved 1114112K
  class space    used 2036K, committed 2176K, reserved 1048576K
}
Event: 0.591 GC heap before
{Heap before GC invocations=3 (full 0):
 garbage-first heap   total 40960K, used 35114K [0x0000000604000000, 0x0000000800000000)
  region size 4096K, 8 young (32768K), 1 survivors (4096K)
 Metaspace       used 22743K, committed 23040K, reserved 1114112K
  class space    used 2171K, committed 2304K, reserved 1048576K
}
Event: 0.592 GC heap after
{Heap after GC invocations=4 (full 0):
 garbage-first heap   total 45056K, used 7936K [0x0000000604000000, 0x0000000800000000)
  region size 4096K, 1 young (4096K), 1 survivors (4096K)
 Metaspace       used 22743K, committed 23040K, reserved 1114112K
  class space    used 2171K, committed 2304K, reserved 1048576K
}
Event: 0.702 GC heap before
{Heap before GC invocations=4 (full 0):
 garbage-first heap   total 45056K, used 24320K [0x0000000604000000, 0x0000000800000000)
  region size 4096K, 5 young (20480K), 1 survivors (4096K)
 Metaspace       used 27841K, committed 28096K, reserved 1114112K
  class space    used 2754K, committed 2880K, reserved 1048576K
}
Event: 0.703 GC heap after
{Heap after GC invocations=5 (full 0):
 garbage-first heap   total 45056K, used 8627K [0x0000000604000000, 0x0000000800000000)
  region size 4096K, 1 young (4096K), 1 survivors (4096K)
 Metaspace       used 27841K, committed 28096K, reserved 1114112K
  class space    used 2754K, committed 2880K, reserved 1048576K
}
Event: 1.097 GC heap before
{Heap before GC invocations=5 (full 0):
 garbage-first heap   total 45056K, used 29107K [0x0000000604000000, 0x0000000800000000)
  region size 4096K, 6 young (24576K), 1 survivors (4096K)
 Metaspace       used 33480K, committed 33728K, reserved 1114112K
  class space    used 3336K, committed 3456K, reserved 1048576K
}
Event: 1.099 GC heap after
{Heap after GC invocations=6 (full 0):
 garbage-first heap   total 45056K, used 9361K [0x0000000604000000, 0x0000000800000000)
  region size 4096K, 1 young (4096K), 1 survivors (4096K)
 Metaspace       used 33480K, committed 33728K, reserved 1114112K
  class space    used 3336K, committed 3456K, reserved 1048576K
}
Event: 1.149 GC heap before
{Heap before GC invocations=6 (full 0):
 garbage-first heap   total 45056K, used 17553K [0x0000000604000000, 0x0000000800000000)
  region size 4096K, 4 young (16384K), 1 survivors (4096K)
 Metaspace       used 35750K, committed 35968K, reserved 1114112K
  class space    used 3604K, committed 3712K, reserved 1048576K
}
Event: 1.150 GC heap after
{Heap after GC invocations=7 (full 0):
 garbage-first heap   total 45056K, used 9795K [0x0000000604000000, 0x0000000800000000)
  region size 4096K, 1 young (4096K), 1 survivors (4096K)
 Metaspace       used 35750K, committed 35968K, reserved 1114112K
  class space    used 3604K, committed 3712K, reserved 1048576K
}
Event: 1.414 GC heap before
{Heap before GC invocations=8 (full 0):
 garbage-first heap   total 40960K, used 26179K [0x0000000604000000, 0x0000000800000000)
  region size 4096K, 6 young (24576K), 1 survivors (4096K)
 Metaspace       used 41289K, committed 41600K, reserved 1114112K
  class space    used 4227K, committed 4352K, reserved 1048576K
}
Event: 1.416 GC heap after
{Heap after GC invocations=9 (full 0):
 garbage-first heap   total 40960K, used 10666K [0x0000000604000000, 0x0000000800000000)
  region size 4096K, 1 young (4096K), 1 survivors (4096K)
 Metaspace       used 41289K, committed 41600K, reserved 1114112K
  class space    used 4227K, committed 4352K, reserved 1048576K
}

